<?xml version="1.0" encoding="UTF-8"?>
<!-- Generated by org.testng.reporters.JUnitXMLReporter -->
<testsuite ignored="0" hostname="LAPTOP-4394Q7SE" failures="0" tests="2" name="Test" time="0.061" errors="0" timestamp="2023-05-02T08:42:46 IST">
  <testcase classname="day1.pp1" name="@BeforeTest initializeBrowser" time="0.009">
    <failure type="java.lang.NullPointerException" message="Cannot invoke &amp;quot;org.openqa.selenium.WebDriver.manage()&amp;quot; because &amp;quot;this.d&amp;quot; is null">
      <![CDATA[java.lang.NullPointerException: Cannot invoke "org.openqa.selenium.WebDriver.manage()" because "this.d" is null
at day1.pp1.initializeBrowser(pp1.java:46)
... Removed 24 stack frames]]>
    </failure>
  </testcase> <!-- @BeforeTest initializeBrowser -->
  <testcase classname="day1.pp1" name="@AfterTest teardown" time="-1.682997166661E9">
    <skipped/>
  </testcase> <!-- @AfterTest teardown -->
  <testcase classname="day1.pp1" name="Credentials" time="0.0">
    <skipped/>
  </testcase> <!-- Credentials -->
  <testcase classname="day1.pp1" name="Launch_App" time="0.0">
    <skipped/>
  </testcase> <!-- Launch_App -->
</testsuite> <!-- Test -->
