<?xml version="1.0" encoding="UTF-8"?>
<!-- Generated by org.testng.reporters.JUnitXMLReporter -->
<testsuite ignored="0" hostname="LAPTOP-4394Q7SE" failures="0" tests="1" name="Test" time="0.058" errors="0" timestamp="2023-05-02T09:50:44 IST">
  <testcase classname="day1.NewTest" name="@BeforeTest openingBrowser" time="0.015">
    <failure type="java.lang.NoClassDefFoundError" message="org/slf4j/LoggerFactory">
      <![CDATA[java.lang.NoClassDefFoundError: org/slf4j/LoggerFactory
at io.github.bonigarcia.wdm.WebDriverManager.<clinit>(WebDriverManager.java:93)
at day1.NewTest.openingBrowser(NewTest.java:29)
Caused by: java.lang.ClassNotFoundException: org.slf4j.LoggerFactory
at java.base/jdk.internal.loader.BuiltinClassLoader.loadClass(BuiltinClassLoader.java:636)
at java.base/jdk.internal.loader.ClassLoaders$AppClassLoader.loadClass(ClassLoaders.java:182)
at java.base/java.lang.ClassLoader.loadClass(ClassLoader.java:519)
... 26 more
... Removed 24 stack frames]]>
    </failure>
  </testcase> <!-- @BeforeTest openingBrowser -->
  <testcase classname="day1.NewTest" name="@AfterTest ClosingBrowser" time="-1.683001244774E9">
    <skipped/>
  </testcase> <!-- @AfterTest ClosingBrowser -->
  <testcase classname="day1.NewTest" name="Navigate" time="0.0">
    <skipped/>
  </testcase> <!-- Navigate -->
</testsuite> <!-- Test -->
